#
# There is insufficient memory for the Java Runtime Environment to continue.
# Native memory allocation (malloc) failed to allocate 1112736 bytes for Chunk::new
# Possible reasons:
#   The system is out of physical RAM or swap space
#   The process is running with CompressedOops enabled, and the Java Heap may be blocking the growth of the native heap
# Possible solutions:
#   Reduce memory load on the system
#   Increase physical memory or swap space
#   Check if swap backing store is full
#   Decrease Java heap size (-Xmx/-Xms)
#   Decrease number of Java threads
#   Decrease Java thread stack sizes (-Xss)
#   Set larger code cache with -XX:ReservedCodeCacheSize=
#   JVM is running with Unscaled Compressed Oops mode in which the Java heap is
#     placed in the first 4GB address space. The Java Heap base address is the
#     maximum limit for the native heap growth. Please use -XX:HeapBaseMinAddress
#     to set the Java Heap base and to place the Java Heap above 4GB virtual address.
# This output file may be truncated or incomplete.
#
#  Out of Memory Error (allocation.cpp:389), pid=7420, tid=0x0000000000002584
#
# JRE version: OpenJDK Runtime Environment (8.0_212-b04) (build 1.8.0_212-release-1586-b04)
# Java VM: OpenJDK 64-Bit Server VM (25.212-b04 mixed mode windows-amd64 compressed oops)
# Failed to write core dump. Minidumps are not enabled by default on client versions of Windows
#

---------------  T H R E A D  ---------------

Current thread (0x00000000164e7800):  JavaThread "C2 CompilerThread1" daemon [_thread_in_native, id=9604, stack(0x0000000017c60000,0x0000000017d60000)]

Stack: [0x0000000017c60000,0x0000000017d60000]
[error occurred during error reporting (printing stack bounds), id 0xc0000005]

Native frames: (J=compiled Java code, j=interpreted, Vv=VM code, C=native code)


Current CompileTask:
C2:4425090 22924       4       com.sun.tools.javac.file.ZipFileIndex$ZipDirectory::readEntry (587 bytes)


---------------  P R O C E S S  ---------------

Java Threads: ( => current thread )
  0x000000001cd2c000 JavaThread "Cache worker for Java compile cache (C:\Users\Administrateur\AndroidStudioProjects\3 Apps\Expert\ministery\.gradle\5.6.4\javaCompile)" [_thread_blocked, id=2028, stack(0x00000000275c0000,0x00000000276c0000)]
  0x000000001cd29000 JavaThread "stdout" [_thread_in_native, id=12192, stack(0x00000000274c0000,0x00000000275c0000)]
  0x000000001cd2c800 JavaThread "stderr" [_thread_in_native, id=10424, stack(0x00000000273c0000,0x00000000274c0000)]
  0x000000001cd24800 JavaThread "pool-12-thread-1" [_thread_blocked, id=120, stack(0x00000000272c0000,0x00000000273c0000)]
  0x000000001cd2a800 JavaThread "WorkerExecutor Queue Thread 2" [_thread_blocked, id=10284, stack(0x00000000271c0000,0x00000000272c0000)]
  0x000000001cd2b000 JavaThread "WorkerExecutor Queue" [_thread_blocked, id=6116, stack(0x0000000026cc0000,0x0000000026dc0000)]
  0x000000001d26f800 JavaThread "Cache worker for execution history cache (C:\Users\Administrateur\AndroidStudioProjects\3 Apps\Expert\ministery\.gradle\5.6.4\executionHistory)" [_thread_blocked, id=9732, stack(0x0000000026bc0000,0x0000000026cc0000)]
  0x000000001d26e000 JavaThread "Execution worker for ':' Thread 3" [_thread_blocked, id=10376, stack(0x0000000026ac0000,0x0000000026bc0000)]
  0x000000001d26d000 JavaThread "Execution worker for ':' Thread 2" [_thread_blocked, id=8652, stack(0x00000000269c0000,0x0000000026ac0000)]
  0x000000001d26c800 JavaThread "Execution worker for ':'" [_thread_in_Java, id=3196, stack(0x00000000258f0000,0x00000000259f0000)]
  0x000000001d26b000 JavaThread "Cache worker for file content cache (C:\Users\Administrateur\AndroidStudioProjects\3 Apps\Expert\ministery\.gradle\5.6.4\fileContent)" [_thread_blocked, id=1240, stack(0x00000000255f0000,0x00000000256f0000)]
  0x000000001d26a000 JavaThread "Cache worker for Build Output Cleanup Cache (C:\Users\Administrateur\AndroidStudioProjects\3 Apps\Expert\ministery\.gradle\buildOutputCleanup)" [_thread_blocked, id=5688, stack(0x00000000252f0000,0x00000000253f0000)]
  0x000000001d26e800 JavaThread "Build operations Thread 4" [_thread_blocked, id=11024, stack(0x0000000023d60000,0x0000000023e60000)]
  0x000000001d262800 JavaThread "Build operations Thread 3" [_thread_blocked, id=2396, stack(0x0000000022640000,0x0000000022740000)]
  0x000000001d269800 JavaThread "Build operations Thread 2" [_thread_blocked, id=9208, stack(0x0000000021e60000,0x0000000021f60000)]
  0x000000001d262000 JavaThread "Build operations" [_thread_blocked, id=124, stack(0x0000000021d60000,0x0000000021e60000)]
  0x000000001d261000 JavaThread "Cache worker for cache directory md-rule (C:\Users\Administrateur\.gradle\caches\5.6.4\md-rule)" [_thread_blocked, id=3676, stack(0x00000000200d0000,0x00000000201d0000)]
  0x000000001d268000 JavaThread "Cache worker for cache directory md-supplier (C:\Users\Administrateur\.gradle\caches\5.6.4\md-supplier)" [_thread_blocked, id=7048, stack(0x000000001ffd0000,0x00000000200d0000)]
  0x000000001d260000 JavaThread "Cache worker for file hash cache (C:\Users\Administrateur\AndroidStudioProjects\3 Apps\Expert\ministery\.gradle\5.6.4\fileHashes)" [_thread_blocked, id=11552, stack(0x000000001ea50000,0x000000001eb50000)]
  0x000000001d267000 JavaThread "Thread-122" [_thread_blocked, id=6756, stack(0x000000001bdb0000,0x000000001beb0000)]
  0x000000001d265800 JavaThread "Stdin handler" [_thread_blocked, id=1788, stack(0x000000001bcb0000,0x000000001bdb0000)]
  0x000000001d265000 JavaThread "Asynchronous log dispatcher for DefaultDaemonConnection: socket connection from /127.0.0.1:55729 to /127.0.0.1:56411" [_thread_blocked, id=7788, stack(0x000000001b6b0000,0x000000001b7b0000)]
  0x000000001d263800 JavaThread "Cancel handler" [_thread_blocked, id=7464, stack(0x0000000000e60000,0x0000000000f60000)]
  0x000000001d264000 JavaThread "Handler for socket connection from /127.0.0.1:55729 to /127.0.0.1:56411" [_thread_in_native, id=5588, stack(0x0000000000d60000,0x0000000000e60000)]
  0x000000001cd29800 JavaThread "Daemon worker Thread 5" [_thread_blocked, id=5052, stack(0x000000001b5b0000,0x000000001b6b0000)]
  0x000000001cd25000 JavaThread "Daemon Thread 5" [_thread_blocked, id=9420, stack(0x0000000000c60000,0x0000000000d60000)]
  0x000000001f186800 JavaThread "Cache worker for Java compile cache (C:\Users\Administrateur\.gradle\caches\5.6.4\javaCompile)" [_thread_blocked, id=11096, stack(0x000000001bbb0000,0x000000001bcb0000)]
  0x000000001f182000 JavaThread "MarlinRenderer Disposer" daemon [_thread_blocked, id=4672, stack(0x00000000270c0000,0x00000000271c0000)]
  0x000000001f17e000 JavaThread "Java2D Disposer" daemon [_thread_blocked, id=11072, stack(0x0000000026fc0000,0x00000000270c0000)]
  0x000000001cd28000 JavaThread "Cache worker for file content cache (C:\Users\Administrateur\.gradle\caches\5.6.4\fileContent)" [_thread_blocked, id=10600, stack(0x0000000023a60000,0x0000000023b60000)]
  0x000000001803e800 JavaThread "Memory manager" [_thread_blocked, id=12044, stack(0x0000000022f40000,0x0000000023040000)]
  0x0000000018038800 JavaThread "Cache worker for execution history cache (C:\Users\Administrateur\.gradle\caches\5.6.4\executionHistory)" [_thread_blocked, id=9908, stack(0x00000000201d0000,0x00000000202d0000)]
  0x00000000164f0000 JavaThread "Cache worker for journal cache (C:\Users\Administrateur\.gradle\caches\journal-1)" [_thread_blocked, id=1736, stack(0x000000001c2b0000,0x000000001c3b0000)]
  0x00000000164ed000 JavaThread "File lock request listener" [_thread_in_native, id=10120, stack(0x000000001c1b0000,0x000000001c2b0000)]
  0x00000000164ef800 JavaThread "Cache worker for file hash cache (C:\Users\Administrateur\.gradle\caches\5.6.4\fileHashes)" [_thread_blocked, id=11288, stack(0x000000001c0b0000,0x000000001c1b0000)]
  0x0000000019db6000 JavaThread "Daemon periodic checks" [_thread_blocked, id=8904, stack(0x000000001b4b0000,0x000000001b5b0000)]
  0x0000000019d77000 JavaThread "Incoming local TCP Connector on port 55729" [_thread_in_native, id=8576, stack(0x000000001b240000,0x000000001b340000)]
  0x0000000019cb3800 JavaThread "Daemon health stats" [_thread_blocked, id=2688, stack(0x000000001ac00000,0x000000001ad00000)]
  0x0000000017e88800 JavaThread "Service Thread" daemon [_thread_blocked, id=8564, stack(0x0000000018260000,0x0000000018360000)]
  0x00000000164f3000 JavaThread "C1 CompilerThread2" daemon [_thread_blocked, id=192, stack(0x0000000017d60000,0x0000000017e60000)]
=>0x00000000164e7800 JavaThread "C2 CompilerThread1" daemon [_thread_in_native, id=9604, stack(0x0000000017c60000,0x0000000017d60000)]
  0x00000000164e1800 JavaThread "C2 CompilerThread0" daemon [_thread_in_native, id=11576, stack(0x0000000017b60000,0x0000000017c60000)]
  0x00000000164dd000 JavaThread "Attach Listener" daemon [_thread_blocked, id=10228, stack(0x0000000017a60000,0x0000000017b60000)]
  0x00000000164da000 JavaThread "Signal Dispatcher" daemon [_thread_blocked, id=992, stack(0x0000000017960000,0x0000000017a60000)]
  0x0000000002b6c000 JavaThread "Finalizer" daemon [_thread_blocked, id=6388, stack(0x0000000017730000,0x0000000017830000)]
  0x00000000164c9000 JavaThread "Reference Handler" daemon [_thread_blocked, id=10512, stack(0x0000000017630000,0x0000000017730000)]
  0x0000000002a6e800 JavaThread "main" [_thread_blocked, id=7452, stack(0x0000000002890000,0x0000000002990000)]

Other Threads:
  0x00000000164a7000 VMThread [stack: 0x0000000017530000,0x0000000017630000] [id=5640]
  0x000000001653e800 WatcherThread [stack: 0x0000000018360000,0x0000000018460000] [id=9672]

VM state:not at safepoint (normal execution)

VM Mutex/Monitor currently owned by a thread: None

heap address: 0x00000000a0000000, size: 1536 MB, Compressed Oops mode: 32-bit
Narrow klass base: 0x0000000000000000, Narrow klass shift: 3
Compressed class space size: 1073741824 Address: 0x0000000100000000

Heap:
 PSYoungGen      total 470528K, used 208813K [0x00000000e0000000, 0x0000000100000000, 0x0000000100000000)
  eden space 419840K, 49% used [0x00000000e0000000,0x00000000ecbeb6a0,0x00000000f9a00000)
  from space 50688K, 0% used [0x00000000fce80000,0x00000000fce80000,0x0000000100000000)
  to   space 52224K, 0% used [0x00000000f9a00000,0x00000000f9a00000,0x00000000fcd00000)
 ParOldGen       total 209920K, used 76658K [0x00000000a0000000, 0x00000000acd00000, 0x00000000e0000000)
  object space 209920K, 36% used [0x00000000a0000000,0x00000000a4adc8f8,0x00000000acd00000)
 Metaspace       used 117014K, capacity 121660K, committed 122392K, reserved 1155072K
  class space    used 15022K, capacity 15925K, committed 16152K, reserved 1048576K

Card table byte_map: [0x0000000011f30000,0x0000000012240000] byte_map_base: 0x0000000011a30000

Marking Bits: (ParMarkBitMap*) 0x0000000077839f30
 Begin Bits: [0x0000000012840000, 0x0000000014040000)
 End Bits:   [0x0000000014040000, 0x0000000015840000)

Polling page: 0x0000000000f80000

CodeCache: size=245760Kb used=63995Kb max_used=64007Kb free=181764Kb
 bounds [0x0000000002b70000, 0x0000000006a50000, 0x0000000011b70000]
 total_blobs=19201 nmethods=18182 adapters=931
 compilation: enabled

Compilation events (10 events):
Event: 4424.924 Thread 0x00000000164e1800 nmethod 22941 0x0000000006a3a8d0 code [0x0000000006a3aa40, 0x0000000006a3acd8]
Event: 4424.924 Thread 0x00000000164e1800 22935       4       com.sun.tools.javac.code.Symbol$MethodSymbol::<init> (83 bytes)
Event: 4424.926 Thread 0x00000000164e1800 nmethod 22935 0x0000000006a36750 code [0x0000000006a368a0, 0x0000000006a36998]
Event: 4424.926 Thread 0x00000000164e1800 22937   !   4       com.sun.tools.javac.file.ZipFileIndex::checkIndex (140 bytes)
Event: 4424.986 Thread 0x00000000164e1800 nmethod 22937 0x0000000006a3fcd0 code [0x0000000006a3ffe0, 0x0000000006a41b30]
Event: 4424.986 Thread 0x00000000164e1800 22934       4       com.sun.tools.javac.file.ZipFileIndexArchive$ZipFileIndexFileObject::getKind (11 bytes)
Event: 4425.001 Thread 0x00000000164e1800 nmethod 22934 0x0000000006a3d1d0 code [0x0000000006a3d360, 0x0000000006a3d9a8]
Event: 4425.002 Thread 0x00000000164e1800 22942   !   4       com.sun.tools.javac.jvm.ClassReader::readMethod (375 bytes)
Event: 4425.052 Thread 0x00000000164e1800 nmethod 22942 0x0000000006a46c10 code [0x0000000006a46ea0, 0x0000000006a48230]
Event: 4425.052 Thread 0x00000000164e1800 22946       4       com.sun.tools.javac.file.JavacFileManager::inferBinaryName (53 bytes)

GC Heap History (10 events):
Event: 3848.672 GC heap before
{Heap before GC invocations=21 (full 4):
 PSYoungGen      total 402944K, used 9714K [0x00000000e0000000, 0x00000000fed80000, 0x0000000100000000)
  eden space 369664K, 0% used [0x00000000e0000000,0x00000000e0000000,0x00000000f6900000)
  from space 33280K, 29% used [0x00000000f6900000,0x00000000f727cb50,0x00000000f8980000)
  to   space 31744K, 0% used [0x00000000fce80000,0x00000000fce80000,0x00000000fed80000)
 ParOldGen       total 105472K, used 76792K [0x00000000a0000000, 0x00000000a6700000, 0x00000000e0000000)
  object space 105472K, 72% used [0x00000000a0000000,0x00000000a4afe030,0x00000000a6700000)
 Metaspace       used 94438K, capacity 98468K, committed 98600K, reserved 1134592K
  class space    used 12461K, capacity 13397K, committed 13464K, reserved 1048576K
Event: 3849.040 GC heap after
Heap after GC invocations=21 (full 4):
 PSYoungGen      total 402944K, used 0K [0x00000000e0000000, 0x00000000fed80000, 0x0000000100000000)
  eden space 369664K, 0% used [0x00000000e0000000,0x00000000e0000000,0x00000000f6900000)
  from space 33280K, 0% used [0x00000000f6900000,0x00000000f6900000,0x00000000f8980000)
  to   space 31744K, 0% used [0x00000000fce80000,0x00000000fce80000,0x00000000fed80000)
 ParOldGen       total 150016K, used 52735K [0x00000000a0000000, 0x00000000a9280000, 0x00000000e0000000)
  object space 150016K, 35% used [0x00000000a0000000,0x00000000a337ff50,0x00000000a9280000)
 Metaspace       used 92193K, capacity 95084K, committed 98600K, reserved 1134592K
  class space    used 12098K, capacity 12753K, committed 13464K, reserved 1048576K
}
Event: 4078.269 GC heap before
{Heap before GC invocations=22 (full 4):
 PSYoungGen      total 402944K, used 369664K [0x00000000e0000000, 0x00000000fed80000, 0x0000000100000000)
  eden space 369664K, 100% used [0x00000000e0000000,0x00000000f6900000,0x00000000f6900000)
  from space 33280K, 0% used [0x00000000f6900000,0x00000000f6900000,0x00000000f8980000)
  to   space 31744K, 0% used [0x00000000fce80000,0x00000000fce80000,0x00000000fed80000)
 ParOldGen       total 150016K, used 52740K [0x00000000a0000000, 0x00000000a9280000, 0x00000000e0000000)
  object space 150016K, 35% used [0x00000000a0000000,0x00000000a33811d8,0x00000000a9280000)
 Metaspace       used 98913K, capacity 102234K, committed 103704K, reserved 1138688K
  class space    used 12739K, capacity 13486K, committed 13848K, reserved 1048576K
Event: 4078.300 GC heap after
Heap after GC invocations=22 (full 4):
 PSYoungGen      total 472576K, used 21093K [0x00000000e0000000, 0x00000000fef80000, 0x0000000100000000)
  eden space 440832K, 0% used [0x00000000e0000000,0x00000000e0000000,0x00000000fae80000)
  from space 31744K, 66% used [0x00000000fce80000,0x00000000fe319488,0x00000000fed80000)
  to   space 32768K, 0% used [0x00000000fae80000,0x00000000fae80000,0x00000000fce80000)
 ParOldGen       total 150016K, used 52748K [0x00000000a0000000, 0x00000000a9280000, 0x00000000e0000000)
  object space 150016K, 35% used [0x00000000a0000000,0x00000000a33831d8,0x00000000a9280000)
 Metaspace       used 98913K, capacity 102234K, committed 103704K, reserved 1138688K
  class space    used 12739K, capacity 13486K, committed 13848K, reserved 1048576K
}
Event: 4118.574 GC heap before
{Heap before GC invocations=23 (full 4):
 PSYoungGen      total 472576K, used 461925K [0x00000000e0000000, 0x00000000fef80000, 0x0000000100000000)
  eden space 440832K, 100% used [0x00000000e0000000,0x00000000fae80000,0x00000000fae80000)
  from space 31744K, 66% used [0x00000000fce80000,0x00000000fe319488,0x00000000fed80000)
  to   space 32768K, 0% used [0x00000000fae80000,0x00000000fae80000,0x00000000fce80000)
 ParOldGen       total 150016K, used 52750K [0x00000000a0000000, 0x00000000a9280000, 0x00000000e0000000)
  object space 150016K, 35% used [0x00000000a0000000,0x00000000a3383880,0x00000000a9280000)
 Metaspace       used 114224K, capacity 118642K, committed 118936K, reserved 1153024K
  class space    used 14673K, capacity 15548K, committed 15768K, reserved 1048576K
Event: 4118.723 GC heap after
Heap after GC invocations=23 (full 4):
 PSYoungGen      total 473600K, used 32736K [0x00000000e0000000, 0x0000000100000000, 0x0000000100000000)
  eden space 440832K, 0% used [0x00000000e0000000,0x00000000e0000000,0x00000000fae80000)
  from space 32768K, 99% used [0x00000000fae80000,0x00000000fce78380,0x00000000fce80000)
  to   space 50688K, 0% used [0x00000000fce80000,0x00000000fce80000,0x0000000100000000)
 ParOldGen       total 150016K, used 99326K [0x00000000a0000000, 0x00000000a9280000, 0x00000000e0000000)
  object space 150016K, 66% used [0x00000000a0000000,0x00000000a60ff8e8,0x00000000a9280000)
 Metaspace       used 114224K, capacity 118642K, committed 118936K, reserved 1153024K
  class space    used 14673K, capacity 15548K, committed 15768K, reserved 1048576K
}
Event: 4402.526 GC heap before
{Heap before GC invocations=24 (full 4):
 PSYoungGen      total 473600K, used 473568K [0x00000000e0000000, 0x0000000100000000, 0x0000000100000000)
  eden space 440832K, 100% used [0x00000000e0000000,0x00000000fae80000,0x00000000fae80000)
  from space 32768K, 99% used [0x00000000fae80000,0x00000000fce78380,0x00000000fce80000)
  to   space 50688K, 0% used [0x00000000fce80000,0x00000000fce80000,0x0000000100000000)
 ParOldGen       total 150016K, used 99326K [0x00000000a0000000, 0x00000000a9280000, 0x00000000e0000000)
  object space 150016K, 66% used [0x00000000a0000000,0x00000000a60ff8e8,0x00000000a9280000)
 Metaspace       used 117015K, capacity 121926K, committed 122136K, reserved 1155072K
  class space    used 15079K, capacity 16028K, committed 16152K, reserved 1048576K
Event: 4402.657 GC heap after
Heap after GC invocations=24 (full 4):
 PSYoungGen      total 470528K, used 21133K [0x00000000e0000000, 0x0000000100000000, 0x0000000100000000)
  eden space 419840K, 0% used [0x00000000e0000000,0x00000000e0000000,0x00000000f9a00000)
  from space 50688K, 41% used [0x00000000fce80000,0x00000000fe323430,0x0000000100000000)
  to   space 52224K, 0% used [0x00000000f9a00000,0x00000000f9a00000,0x00000000fcd00000)
 ParOldGen       total 150016K, used 127228K [0x00000000a0000000, 0x00000000a9280000, 0x00000000e0000000)
  object space 150016K, 84% used [0x00000000a0000000,0x00000000a7c3f288,0x00000000a9280000)
 Metaspace       used 117015K, capacity 121926K, committed 122136K, reserved 1155072K
  class space    used 15079K, capacity 16028K, committed 16152K, reserved 1048576K
}
Event: 4402.657 GC heap before
{Heap before GC invocations=25 (full 5):
 PSYoungGen      total 470528K, used 21133K [0x00000000e0000000, 0x0000000100000000, 0x0000000100000000)
  eden space 419840K, 0% used [0x00000000e0000000,0x00000000e0000000,0x00000000f9a00000)
  from space 50688K, 41% used [0x00000000fce80000,0x00000000fe323430,0x0000000100000000)
  to   space 52224K, 0% used [0x00000000f9a00000,0x00000000f9a00000,0x00000000fcd00000)
 ParOldGen       total 150016K, used 127228K [0x00000000a0000000, 0x00000000a9280000, 0x00000000e0000000)
  object space 150016K, 84% used [0x00000000a0000000,0x00000000a7c3f288,0x00000000a9280000)
 Metaspace       used 117015K, capacity 121926K, committed 122136K, reserved 1155072K
  class space    used 15079K, capacity 16028K, committed 16152K, reserved 1048576K
Event: 4402.998 GC heap after
Heap after GC invocations=25 (full 5):
 PSYoungGen      total 470528K, used 0K [0x00000000e0000000, 0x0000000100000000, 0x0000000100000000)
  eden space 419840K, 0% used [0x00000000e0000000,0x00000000e0000000,0x00000000f9a00000)
  from space 50688K, 0% used [0x00000000fce80000,0x00000000fce80000,0x0000000100000000)
  to   space 52224K, 0% used [0x00000000f9a00000,0x00000000f9a00000,0x00000000fcd00000)
 ParOldGen       total 209920K, used 76658K [0x00000000a0000000, 0x00000000acd00000, 0x00000000e0000000)
  object space 209920K, 36% used [0x00000000a0000000,0x00000000a4adc8f8,0x00000000acd00000)
 Metaspace       used 116788K, capacity 121310K, committed 122136K, reserved 1155072K
  class space    used 14999K, capacity 15888K, committed 16152K, reserved 1048576K
}

Deoptimization events (10 events):
Event: 4411.291 Thread 0x000000001cd29800 Uncommon trap: reason=unstable_if action=reinterpret pc=0x00000000030b8eb4 method=org.gradle.internal.logging.text.AbstractLineChoppingStyledTextOutput$2.execute(Lorg/gradle/internal/logging/text/AbstractLineChoppingStyledTextOutput$StateContext;)V @ 30
Event: 4411.291 Thread 0x000000001cd29800 Uncommon trap: reason=bimorphic action=maybe_recompile pc=0x0000000003f6f86c method=org.gradle.internal.logging.text.AbstractLineChoppingStyledTextOutput$StateContext.flushStartLine()V @ 4
Event: 4411.291 Thread 0x000000001cd29800 Uncommon trap: reason=bimorphic action=maybe_recompile pc=0x000000000358315c method=org.gradle.internal.logging.text.AbstractStyledTextOutput.text(Ljava/lang/Object;)Lorg/gradle/internal/logging/text/StyledTextOutput; @ 11
Event: 4411.292 Thread 0x000000001cd29800 Uncommon trap: reason=unstable_if action=reinterpret pc=0x0000000002f701c4 method=org.gradle.internal.logging.text.AbstractLineChoppingStyledTextOutput$2.execute(Lorg/gradle/internal/logging/text/AbstractLineChoppingStyledTextOutput$StateContext;)V @ 30
Event: 4411.310 Thread 0x000000001d264000 Uncommon trap: reason=unstable_if action=reinterpret pc=0x00000000030140b0 method=java.util.concurrent.locks.AbstractQueuedSynchronizer$ConditionObject.awaitNanos(J)J @ 89
Event: 4420.987 Thread 0x000000001d264000 Uncommon trap: reason=null_check action=make_not_entrant pc=0x0000000006884488 method=java.io.ObjectStreamClass.getField(Ljava/lang/String;Ljava/lang/Class;)Ljava/io/ObjectStreamField; @ 67
Event: 4421.578 Thread 0x000000001d26e000 Uncommon trap: reason=unstable_if action=reinterpret pc=0x00000000049c3a28 method=com.google.common.cache.LongAdder.add(J)V @ 95
Event: 4421.731 Thread 0x000000001d26d000 Uncommon trap: reason=unstable_if action=reinterpret pc=0x0000000004301e60 method=com.google.common.cache.LongAdder.add(J)V @ 46
Event: 4424.498 Thread 0x000000001d26c800 Uncommon trap: reason=bimorphic action=maybe_recompile pc=0x000000000684ff10 method=com.google.common.collect.Iterables.isEmpty(Ljava/lang/Iterable;)Z @ 23
Event: 4424.899 Thread 0x000000001d26c800 Uncommon trap: reason=unstable_if action=reinterpret pc=0x000000000591525c method=com.sun.tools.javac.code.Types$19.visitClassType(Lcom/sun/tools/javac/code/Type$ClassType;Ljava/lang/Void;)Lcom/sun/tools/javac/util/List; @ 22

Classes redefined (0 events):
No events

Internal exceptions (10 events):
Event: 4194.315 Thread 0x000000001d267000 Exception <a 'sun/nio/fs/WindowsException'> (0x00000000f7b27168) thrown at [D:\src\AOSP-openjdk-cygwin\jdk8u\hotspot\src\share\vm\prims\jni.cpp, line 710]
Event: 4401.690 Thread 0x000000001cd29800 Implicit null exception at 0x00000000067a721f to 0x00000000067a734d
Event: 4403.498 Thread 0x000000001cd31000 Implicit null exception at 0x000000000509d495 to 0x000000000509e169
Event: 4403.956 Thread 0x000000001cd31000 Implicit null exception at 0x0000000004aea943 to 0x0000000004aea9b9
Event: 4411.274 Thread 0x000000001d265800 Exception <a 'java/io/IOException'> (0x00000000e47bf9d0) thrown at [D:\src\AOSP-openjdk-cygwin\jdk8u\hotspot\src\share\vm\prims\jni.cpp, line 710]
Event: 4411.276 Thread 0x000000001cd31000 Exception <a 'java/lang/reflect/InvocationTargetException'> (0x00000000e45a0630) thrown at [D:\src\AOSP-openjdk-cygwin\jdk8u\hotspot\src\share\vm\runtime\reflection.cpp, line 1092]
Event: 4411.289 Thread 0x000000001cd29800 Exception <a 'sun/nio/fs/WindowsException'> (0x00000000e48371a0) thrown at [D:\src\AOSP-openjdk-cygwin\jdk8u\hotspot\src\share\vm\prims\jni.cpp, line 710]
Event: 4421.731 Thread 0x000000001d26d000 Implicit null exception at 0x00000000043018c4 to 0x0000000004301e51
Event: 4423.094 Thread 0x000000001cd2b000 Exception <a 'sun/nio/fs/WindowsException'> (0x00000000ea5cd708) thrown at [D:\src\AOSP-openjdk-cygwin\jdk8u\hotspot\src\share\vm\prims\jni.cpp, line 710]
Event: 4423.094 Thread 0x000000001cd2b000 Exception <a 'sun/nio/fs/WindowsException'> (0x00000000ea5cdbb0) thrown at [D:\src\AOSP-openjdk-cygwin\jdk8u\hotspot\src\share\vm\prims\jni.cpp, line 710]

Events (10 events):
Event: 4424.752 Thread 0x000000001d26c800 DEOPT UNPACKING pc=0x0000000002bb75d0 sp=0x00000000259ea3c8 mode 0
Event: 4424.760 Thread 0x000000001d26c800 DEOPT PACKING pc=0x000000000575bab2 sp=0x00000000259ea5c0
Event: 4424.760 Thread 0x000000001d26c800 DEOPT UNPACKING pc=0x0000000002bb75d0 sp=0x00000000259ea3c8 mode 0
Event: 4424.763 Thread 0x000000001d26c800 DEOPT PACKING pc=0x000000000575bab2 sp=0x00000000259ea5c0
Event: 4424.763 Thread 0x000000001d26c800 DEOPT UNPACKING pc=0x0000000002bb75d0 sp=0x00000000259ea3c8 mode 0
Event: 4424.763 Thread 0x000000001d26c800 DEOPT PACKING pc=0x000000000575ba7f sp=0x00000000259ea5c0
Event: 4424.763 Thread 0x000000001d26c800 DEOPT UNPACKING pc=0x0000000002bb75d0 sp=0x00000000259ea3c8 mode 0
Event: 4424.899 Thread 0x000000001d26c800 Uncommon trap: trap_request=0xffffff65 fr.pc=0x000000000591525c
Event: 4424.899 Thread 0x000000001d26c800 DEOPT PACKING pc=0x000000000591525c sp=0x00000000259ea9a0
Event: 4424.899 Thread 0x000000001d26c800 DEOPT UNPACKING pc=0x0000000002bb557b sp=0x00000000259ea938 mode 2


Dynamic libraries:
0x00007ff71a160000 - 0x00007ff71a191000 	C:\Program Files\Android\Android Studio\jre\bin\java.exe
0x00007ffeb27d0000 - 0x00007ffeb29c5000 	C:\WINDOWS\SYSTEM32\ntdll.dll
0x00007ffeb0990000 - 0x00007ffeb0a4d000 	C:\WINDOWS\System32\KERNEL32.DLL
0x00007ffeb0080000 - 0x00007ffeb0349000 	C:\WINDOWS\System32\KERNELBASE.dll
0x00007ffeb1240000 - 0x00007ffeb12ec000 	C:\WINDOWS\System32\ADVAPI32.dll
0x00007ffeb0800000 - 0x00007ffeb089e000 	C:\WINDOWS\System32\msvcrt.dll
0x00007ffeb08a0000 - 0x00007ffeb093c000 	C:\WINDOWS\System32\sechost.dll
0x00007ffeb1e60000 - 0x00007ffeb1f8b000 	C:\WINDOWS\System32\RPCRT4.dll
0x00007ffeb1c30000 - 0x00007ffeb1dd0000 	C:\WINDOWS\System32\USER32.dll
0x00007ffeb0380000 - 0x00007ffeb03a2000 	C:\WINDOWS\System32\win32u.dll
0x00007ffeb0940000 - 0x00007ffeb096a000 	C:\WINDOWS\System32\GDI32.dll
0x00007ffeb0530000 - 0x00007ffeb063b000 	C:\WINDOWS\System32\gdi32full.dll
0x00007ffeaffe0000 - 0x00007ffeb007d000 	C:\WINDOWS\System32\msvcp_win.dll
0x00007ffeafee0000 - 0x00007ffeaffe0000 	C:\WINDOWS\System32\ucrtbase.dll
0x00007ffe9eb40000 - 0x00007ffe9edda000 	C:\WINDOWS\WinSxS\amd64_microsoft.windows.common-controls_6595b64144ccf1df_6.0.19041.844_none_ca00b6081b84eb1d\COMCTL32.dll
0x00007ffeb0b30000 - 0x00007ffeb0b60000 	C:\WINDOWS\System32\IMM32.DLL
0x0000000077ce0000 - 0x0000000077db2000 	C:\Program Files\Android\Android Studio\jre\jre\bin\msvcr100.dll
0x0000000077070000 - 0x00000000778b6000 	C:\Program Files\Android\Android Studio\jre\jre\bin\server\jvm.dll
0x00007ffeb0c80000 - 0x00007ffeb0c88000 	C:\WINDOWS\System32\PSAPI.DLL
0x00007ffe9cc90000 - 0x00007ffe9cc9a000 	C:\WINDOWS\SYSTEM32\VERSION.dll
0x00007ffea0230000 - 0x00007ffea0257000 	C:\WINDOWS\SYSTEM32\WINMM.dll
0x00007ffeaab40000 - 0x00007ffeaab49000 	C:\WINDOWS\SYSTEM32\WSOCK32.dll
0x00007ffeb0a50000 - 0x00007ffeb0abb000 	C:\WINDOWS\System32\WS2_32.dll
0x00007ffeaa620000 - 0x00007ffeaa62f000 	C:\Program Files\Android\Android Studio\jre\jre\bin\verify.dll
0x00007ffea9810000 - 0x00007ffea9839000 	C:\Program Files\Android\Android Studio\jre\jre\bin\java.dll
0x00007ffea9c70000 - 0x00007ffea9c86000 	C:\Program Files\Android\Android Studio\jre\jre\bin\zip.dll
0x00007ffeb1460000 - 0x00007ffeb1ba2000 	C:\WINDOWS\System32\SHELL32.dll
0x00007ffeae020000 - 0x00007ffeae7b0000 	C:\WINDOWS\SYSTEM32\windows.storage.dll
0x00007ffeb1f90000 - 0x00007ffeb22e5000 	C:\WINDOWS\System32\combase.dll
0x00007ffeaf880000 - 0x00007ffeaf8ac000 	C:\WINDOWS\SYSTEM32\Wldp.dll
0x00007ffeb12f0000 - 0x00007ffeb139e000 	C:\WINDOWS\System32\SHCORE.dll
0x00007ffeb1400000 - 0x00007ffeb1455000 	C:\WINDOWS\System32\shlwapi.dll
0x00007ffeafe20000 - 0x00007ffeafe3f000 	C:\WINDOWS\SYSTEM32\profapi.dll
0x00007ffea8be0000 - 0x00007ffea8bfa000 	C:\Program Files\Android\Android Studio\jre\jre\bin\net.dll
0x00007ffea2570000 - 0x00007ffea275e000 	C:\WINDOWS\SYSTEM32\urlmon.dll
0x00007ffea28f0000 - 0x00007ffea2ba0000 	C:\WINDOWS\SYSTEM32\iertutil.dll
0x00007ffeaf600000 - 0x00007ffeaf66a000 	C:\WINDOWS\system32\mswsock.dll
0x00007ffea8200000 - 0x00007ffea8213000 	C:\Program Files\Android\Android Studio\jre\jre\bin\nio.dll
0x00007ffea9ad0000 - 0x00007ffea9af6000 	C:\Users\Administrateur\.gradle\native\30\windows-amd64\native-platform.dll
0x00007ffeaa5f0000 - 0x00007ffeaa5fd000 	C:\Program Files\Android\Android Studio\jre\jre\bin\management.dll
0x00007ffeaf7e0000 - 0x00007ffeaf7f8000 	C:\WINDOWS\SYSTEM32\CRYPTSP.dll
0x00007ffeaefa0000 - 0x00007ffeaefd4000 	C:\WINDOWS\system32\rsaenh.dll
0x00007ffeb0350000 - 0x00007ffeb0377000 	C:\WINDOWS\System32\bcrypt.dll
0x00007ffeafda0000 - 0x00007ffeafdce000 	C:\WINDOWS\SYSTEM32\USERENV.dll
0x00007ffeb03b0000 - 0x00007ffeb0430000 	C:\WINDOWS\System32\bcryptprimitives.dll
0x00007ffeaf7d0000 - 0x00007ffeaf7dc000 	C:\WINDOWS\SYSTEM32\CRYPTBASE.dll
0x00007ffeaf2f0000 - 0x00007ffeaf32b000 	C:\WINDOWS\SYSTEM32\IPHLPAPI.DLL
0x00007ffeb0b20000 - 0x00007ffeb0b28000 	C:\WINDOWS\System32\NSI.dll
0x00007ffea7e40000 - 0x00007ffea7e57000 	C:\WINDOWS\SYSTEM32\dhcpcsvc6.DLL
0x00007ffea8070000 - 0x00007ffea808d000 	C:\WINDOWS\SYSTEM32\dhcpcsvc.DLL
0x00007ffeaf330000 - 0x00007ffeaf3fb000 	C:\WINDOWS\SYSTEM32\DNSAPI.dll
0x00007ffea3fb0000 - 0x00007ffea3fd4000 	C:\Program Files\Android\Android Studio\jre\jre\bin\sunec.dll
0x00007ffea0f40000 - 0x00007ffea0f4a000 	C:\Windows\System32\rasadhlp.dll
0x00007ffea10b0000 - 0x00007ffea112f000 	C:\WINDOWS\System32\fwpuclnt.dll
0x00007ffeaa4e0000 - 0x00007ffeaa4eb000 	C:\Program Files\Android\Android Studio\jre\jre\bin\sunmscapi.dll
0x00007ffeb0640000 - 0x00007ffeb079f000 	C:\WINDOWS\System32\CRYPT32.dll
0x00007ffeaec10000 - 0x00007ffeaec43000 	C:\WINDOWS\SYSTEM32\ntmarta.dll
0x00007ffe88be0000 - 0x00007ffe88d7c000 	C:\Program Files\Android\Android Studio\jre\jre\bin\awt.dll
0x00007ffeb0cf0000 - 0x00007ffeb0dbd000 	C:\WINDOWS\System32\OLEAUT32.dll
0x00007ffead980000 - 0x00007ffead9af000 	C:\WINDOWS\SYSTEM32\dwmapi.dll
0x00007ffeac120000 - 0x00007ffeac6e0000 	C:\WINDOWS\SYSTEM32\d2d1.dll
0x00007ffead690000 - 0x00007ffead720000 	C:\WINDOWS\SYSTEM32\apphelp.dll
0x00007ffead7b0000 - 0x00007ffead84e000 	C:\WINDOWS\system32\uxtheme.dll

VM Arguments:
jvm_args: -Xmx1536m -Dfile.encoding=windows-1252 -Duser.country=FR -Duser.language=fr -Duser.variant 
java_command: org.gradle.launcher.daemon.bootstrap.GradleDaemon 5.6.4
java_class_path (initial): C:\Users\Administrateur\.gradle\wrapper\dists\gradle-5.6.4-all\ankdp27end7byghfw1q2sw75f\gradle-5.6.4\lib\gradle-launcher-5.6.4.jar
Launcher Type: SUN_STANDARD

Environment Variables:
JAVA_HOME=C:\Program Files\Java\jdk1.8.0_221
CLASSPATH=C:\Program Files (x86)\antlr-4.9.1-complete.jar;
PATH=C:\oraclexe\app\oracle\product\10.2.0\server\bin;C:\Program Files (x86)\Microsoft SDKs\Azure\CLI2\wbin;C:\oraclexe\app\oracle\product\11.2.0\server\bin;E:\app\radia\product\12.1.0\dbhome_2\bin;E:\app\radia\product\12.1.0\dbhome_1\bin;C:\Program Files (x86)\Common Files\Oracle\Java\javapath;C:\WINDOWS\system32;C:\WINDOWS;C:\WINDOWS\System32\Wbem;C:\WINDOWS\System32\WindowsPowerShell\v1.0\;C:\WINDOWS\System32\OpenSSH\;C:\Program Files (x86)\CodeBlocks\MinGW\bin;C:\Program Files (x86)\GnuWin32\bin;C:\Users\Administrateur\PycharmProjects\untitled2\venv\Scripts;C:\Program Files\nodejs\;C:\Program Files\Java\jdk1.8.0_221\bin;C:\Program Files\gradle-2.8-all\gradle-2.8\bin;C:\Program Files\Git\cmd;C:\Users\Administrateur\AppData\Local\Microsoft\WindowsApps;C:\Users\Administrateur\AppData\Local\Programs\Microsoft VS Code\bin;C:\Users\Administrateur\AppData\Roaming\npm;C:\Users\Administrateur\AppData\Local\GitHubDesktop\bin;
USERNAME=Administrateur
OS=Windows_NT
PROCESSOR_IDENTIFIER=Intel64 Family 6 Model 58 Stepping 9, GenuineIntel



---------------  S Y S T E M  ---------------

OS: Windows 10.0 , 64 bit Build 19041 (10.0.19041.804)

CPU:total 4 (initial active 4) (2 cores per cpu, 2 threads per core) family 6 model 58 stepping 9, cmov, cx8, fxsr, mmx, sse, sse2, sse3, ssse3, sse4.1, sse4.2, popcnt, avx, aes, clmul, erms, ht, tsc, tscinvbit, tscinv

Memory: 4k page, physical 8077100k(888200k free), swap 8077100k(4608k free)

vm_info: OpenJDK 64-Bit Server VM (25.212-b04) for windows-amd64 JRE (1.8.0_212-release-1586-b04), built by "builder" with MS VC++ 10.0 (VS2010)

time: Tue Apr 13 15:59:24 2021
timezone: Paris, Madrid (heure d’été)
elapsed time: 4425 seconds (0d 1h 13m 45s)

