#
# There is insufficient memory for the Java Runtime Environment to continue.
# Native memory allocation (malloc) failed to allocate 1897856 bytes for Chunk::new
# Possible reasons:
#   The system is out of physical RAM or swap space
#   The process is running with CompressedOops enabled, and the Java Heap may be blocking the growth of the native heap
# Possible solutions:
#   Reduce memory load on the system
#   Increase physical memory or swap space
#   Check if swap backing store is full
#   Decrease Java heap size (-Xmx/-Xms)
#   Decrease number of Java threads
#   Decrease Java thread stack sizes (-Xss)
#   Set larger code cache with -XX:ReservedCodeCacheSize=
#   JVM is running with Unscaled Compressed Oops mode in which the Java heap is
#     placed in the first 4GB address space. The Java Heap base address is the
#     maximum limit for the native heap growth. Please use -XX:HeapBaseMinAddress
#     to set the Java Heap base and to place the Java Heap above 4GB virtual address.
# This output file may be truncated or incomplete.
#
#  Out of Memory Error (allocation.cpp:389), pid=9844, tid=0x0000000000001f54
#
# JRE version: OpenJDK Runtime Environment (8.0_212-b04) (build 1.8.0_212-release-1586-b04)
# Java VM: OpenJDK 64-Bit Server VM (25.212-b04 mixed mode windows-amd64 compressed oops)
# Failed to write core dump. Minidumps are not enabled by default on client versions of Windows
#

---------------  T H R E A D  ---------------

Current thread (0x0000000015fe2000):  JavaThread "C2 CompilerThread1" daemon [_thread_in_native, id=8020, stack(0x0000000017770000,0x0000000017870000)]

Stack: [0x0000000017770000,0x0000000017870000]
[error occurred during error reporting (printing stack bounds), id 0xc0000005]

Native frames: (J=compiled Java code, j=interpreted, Vv=VM code, C=native code)


Current CompileTask:
C2:5873859 29367       4       com.android.tools.r8.ir.regalloc.LinearScanRegisterAllocator::a (3993 bytes)


---------------  P R O C E S S  ---------------

Java Threads: ( => current thread )
  0x000000001a6b2800 JavaThread "WorkerExecutor Queue Thread 5" [_thread_blocked, id=2700, stack(0x000000002b6d0000,0x000000002b7d0000)]
  0x000000001a6b7000 JavaThread "Cache worker for Java compile cache (C:\Users\Administrateur\AndroidStudioProjects\3 Apps\Expert\ministery\.gradle\5.6.4\javaCompile)" [_thread_blocked, id=12148, stack(0x000000001b8c0000,0x000000001b9c0000)]
  0x000000001a6ab000 JavaThread "stdout" [_thread_in_native, id=1052, stack(0x000000002beb0000,0x000000002bfb0000)]
  0x000000001a6af800 JavaThread "stderr" [_thread_in_native, id=2100, stack(0x000000002bdb0000,0x000000002beb0000)]
  0x000000001a6af000 JavaThread "stdout" [_thread_in_native, id=6996, stack(0x000000002bcb0000,0x000000002bdb0000)]
  0x000000001a6b0800 JavaThread "stderr" [_thread_in_native, id=10700, stack(0x000000002b8f0000,0x000000002b9f0000)]
  0x000000001c476800 JavaThread "stdout" [_thread_in_native, id=992, stack(0x000000002ba30000,0x000000002bb30000)]
  0x000000001c47a800 JavaThread "stderr" [_thread_in_native, id=3028, stack(0x000000002b5d0000,0x000000002b6d0000)]
  0x000000001c478000 JavaThread "WorkerExecutor Queue Thread 4" [_thread_blocked, id=11384, stack(0x000000002b2d0000,0x000000002b3d0000)]
  0x000000001c476000 JavaThread "WorkerExecutor Queue Thread 3" [_thread_in_native, id=9756, stack(0x000000002b1d0000,0x000000002b2d0000)]
  0x000000001c47c000 JavaThread "WorkerExecutor Queue Thread 2" [_thread_blocked, id=10096, stack(0x000000002b0d0000,0x000000002b1d0000)]
  0x000000001c46e000 JavaThread "stdout" [_thread_in_native, id=6752, stack(0x000000002a760000,0x000000002a860000)]
  0x000000001c475000 JavaThread "stderr" [_thread_in_native, id=10032, stack(0x000000002a360000,0x000000002a460000)]
  0x000000001c474800 JavaThread "pool-74-thread-1" [_thread_blocked, id=1000, stack(0x0000000029e80000,0x0000000029f80000)]
  0x000000001c473000 JavaThread "Cache worker for execution history cache (C:\Users\Administrateur\AndroidStudioProjects\3 Apps\Expert\ministery\.gradle\5.6.4\executionHistory)" [_thread_blocked, id=9300, stack(0x0000000023b30000,0x0000000023c30000)]
  0x000000001c470000 JavaThread "Execution worker for ':' Thread 3" [_thread_blocked, id=10516, stack(0x0000000023830000,0x0000000023930000)]
  0x000000001c472000 JavaThread "Execution worker for ':' Thread 2" [_thread_blocked, id=11828, stack(0x0000000023630000,0x0000000023730000)]
  0x000000001c46d800 JavaThread "Execution worker for ':'" [_thread_in_native, id=7512, stack(0x0000000023330000,0x0000000023430000)]
  0x0000000024358800 JavaThread "Cache worker for file content cache (C:\Users\Administrateur\AndroidStudioProjects\3 Apps\Expert\ministery\.gradle\5.6.4\fileContent)" [_thread_blocked, id=5772, stack(0x0000000022c80000,0x0000000022d80000)]
  0x0000000024357000 JavaThread "Cache worker for Build Output Cleanup Cache (C:\Users\Administrateur\AndroidStudioProjects\3 Apps\Expert\ministery\.gradle\buildOutputCleanup)" [_thread_blocked, id=12204, stack(0x0000000022980000,0x0000000022a80000)]
  0x000000002435a000 JavaThread "Build operations Thread 4" [_thread_blocked, id=7472, stack(0x0000000021e80000,0x0000000021f80000)]
  0x0000000024357800 JavaThread "Build operations Thread 3" [_thread_blocked, id=10508, stack(0x0000000021780000,0x0000000021880000)]
  0x0000000024359000 JavaThread "Build operations Thread 2" [_thread_blocked, id=10756, stack(0x0000000021680000,0x0000000021780000)]
  0x000000002434f000 JavaThread "Build operations" [_thread_blocked, id=7884, stack(0x0000000021580000,0x0000000021680000)]
  0x0000000024356000 JavaThread "Cache worker for cache directory md-rule (C:\Users\Administrateur\.gradle\caches\5.6.4\md-rule)" [_thread_blocked, id=5552, stack(0x00000000202f0000,0x00000000203f0000)]
  0x0000000024355000 JavaThread "Cache worker for cache directory md-supplier (C:\Users\Administrateur\.gradle\caches\5.6.4\md-supplier)" [_thread_blocked, id=7796, stack(0x000000001fff0000,0x00000000200f0000)]
  0x0000000024352000 JavaThread "Cache worker for file hash cache (C:\Users\Administrateur\AndroidStudioProjects\3 Apps\Expert\ministery\.gradle\5.6.4\fileHashes)" [_thread_blocked, id=5028, stack(0x000000001e260000,0x000000001e360000)]
  0x0000000024351800 JavaThread "Thread-557" [_thread_blocked, id=4856, stack(0x000000001df60000,0x000000001e060000)]
  0x000000002434d800 JavaThread "Asynchronous log dispatcher for DefaultDaemonConnection: socket connection from /127.0.0.1:56419 to /127.0.0.1:57725" [_thread_blocked, id=2052, stack(0x000000001b5c0000,0x000000001b6c0000)]
  0x0000000024353000 JavaThread "Daemon worker Thread 16" [_thread_blocked, id=3352, stack(0x000000001b4c0000,0x000000001b5c0000)]
  0x0000000024350800 JavaThread "Cancel handler" [_thread_blocked, id=5760, stack(0x000000001b1c0000,0x000000001b2c0000)]
  0x0000000024354800 JavaThread "Handler for socket connection from /127.0.0.1:56419 to /127.0.0.1:57725" [_thread_in_native, id=6920, stack(0x000000001b0c0000,0x000000001b1c0000)]
  0x0000000024350000 JavaThread "Daemon Thread 16" [_thread_blocked, id=6608, stack(0x00000000008f0000,0x00000000009f0000)]
  0x000000002434a800 JavaThread "MarlinRenderer Disposer" daemon [_thread_blocked, id=11520, stack(0x000000002a460000,0x000000002a560000)]
  0x000000002434b800 JavaThread "Java2D Disposer" daemon [_thread_blocked, id=5376, stack(0x000000002a180000,0x000000002a280000)]
  0x000000001a6b8000 JavaThread "Cache worker for Java compile cache (C:\Users\Administrateur\.gradle\caches\5.6.4\javaCompile)" [_thread_blocked, id=9256, stack(0x0000000023730000,0x0000000023830000)]
  0x000000001a6b1000 JavaThread "Cache worker for file content cache (C:\Users\Administrateur\.gradle\caches\5.6.4\fileContent)" [_thread_blocked, id=7124, stack(0x0000000022880000,0x0000000022980000)]
  0x000000001a6a9800 JavaThread "Memory manager" [_thread_blocked, id=12088, stack(0x0000000022780000,0x0000000022880000)]
  0x000000001a6aa800 JavaThread "Cache worker for execution history cache (C:\Users\Administrateur\.gradle\caches\5.6.4\executionHistory)" [_thread_blocked, id=4936, stack(0x00000000204b0000,0x00000000205b0000)]
  0x0000000019aa1800 JavaThread "Cache worker for journal cache (C:\Users\Administrateur\.gradle\caches\journal-1)" [_thread_blocked, id=5172, stack(0x000000001bdc0000,0x000000001bec0000)]
  0x0000000019a9e800 JavaThread "File lock request listener" [_thread_in_native, id=5104, stack(0x000000001bcc0000,0x000000001bdc0000)]
  0x0000000019aa4800 JavaThread "Cache worker for file hash cache (C:\Users\Administrateur\.gradle\caches\5.6.4\fileHashes)" [_thread_blocked, id=8400, stack(0x000000001bbc0000,0x000000001bcc0000)]
  0x0000000019936000 JavaThread "Daemon periodic checks" [_thread_blocked, id=10048, stack(0x000000001afc0000,0x000000001b0c0000)]
  0x0000000019890800 JavaThread "Incoming local TCP Connector on port 56419" [_thread_in_native, id=9036, stack(0x000000001ad50000,0x000000001ae50000)]
  0x00000000196cb000 JavaThread "Daemon health stats" [_thread_blocked, id=6628, stack(0x0000000019740000,0x0000000019840000)]
  0x000000001603e800 JavaThread "Service Thread" daemon [_thread_blocked, id=10132, stack(0x0000000017d70000,0x0000000017e70000)]
  0x0000000015ff1800 JavaThread "C1 CompilerThread2" daemon [_thread_blocked, id=6832, stack(0x0000000017870000,0x0000000017970000)]
=>0x0000000015fe2000 JavaThread "C2 CompilerThread1" daemon [_thread_in_native, id=8020, stack(0x0000000017770000,0x0000000017870000)]
  0x0000000015fdf000 JavaThread "C2 CompilerThread0" daemon [_thread_in_native, id=2240, stack(0x0000000017670000,0x0000000017770000)]
  0x0000000015fda800 JavaThread "Attach Listener" daemon [_thread_blocked, id=7036, stack(0x0000000017570000,0x0000000017670000)]
  0x0000000015fd9000 JavaThread "Signal Dispatcher" daemon [_thread_blocked, id=1276, stack(0x0000000017470000,0x0000000017570000)]
  0x000000000266b000 JavaThread "Finalizer" daemon [_thread_blocked, id=6448, stack(0x0000000017240000,0x0000000017340000)]
  0x0000000015fc9000 JavaThread "Reference Handler" daemon [_thread_blocked, id=11844, stack(0x0000000017140000,0x0000000017240000)]
  0x000000000256e800 JavaThread "main" [_thread_blocked, id=12232, stack(0x0000000002400000,0x0000000002500000)]

Other Threads:
  0x0000000015fa7000 VMThread [stack: 0x0000000017040000,0x0000000017140000] [id=7728]
  0x00000000179a2800 WatcherThread [stack: 0x0000000017e70000,0x0000000017f70000] [id=3968]

VM state:not at safepoint (normal execution)

VM Mutex/Monitor currently owned by a thread: None

heap address: 0x00000000a0000000, size: 1536 MB, Compressed Oops mode: 32-bit
Narrow klass base: 0x0000000000000000, Narrow klass shift: 3
Compressed class space size: 1073741824 Address: 0x0000000100000000

Heap:
 PSYoungGen      total 277504K, used 91561K [0x00000000e0000000, 0x00000000f6180000, 0x0000000100000000)
  eden space 229376K, 39% used [0x00000000e0000000,0x00000000e57a7318,0x00000000ee000000)
  from space 48128K, 3% used [0x00000000ee000000,0x00000000ee1c3180,0x00000000f0f00000)
  to   space 50688K, 0% used [0x00000000f3000000,0x00000000f3000000,0x00000000f6180000)
 ParOldGen       total 194048K, used 127391K [0x00000000a0000000, 0x00000000abd80000, 0x00000000e0000000)
  object space 194048K, 65% used [0x00000000a0000000,0x00000000a7c67c40,0x00000000abd80000)
 Metaspace       used 110749K, capacity 118468K, committed 118656K, reserved 1153024K
  class space    used 14011K, capacity 15374K, committed 15488K, reserved 1048576K

Card table byte_map: [0x0000000011a30000,0x0000000011d40000] byte_map_base: 0x0000000011530000

Marking Bits: (ParMarkBitMap*) 0x0000000077839f30
 Begin Bits: [0x0000000012340000, 0x0000000013b40000)
 End Bits:   [0x0000000013b40000, 0x0000000015340000)

Polling page: 0x0000000000ba0000

CodeCache: size=245760Kb used=81619Kb max_used=81619Kb free=164140Kb
 bounds [0x0000000002670000, 0x0000000007730000, 0x0000000011670000]
 total_blobs=23447 nmethods=22399 adapters=958
 compilation: enabled

Compilation events (10 events):
Event: 5872.708 Thread 0x0000000015ff1800 29435       2       kotlin.text.StringsKt__StringsKt::indexOf (65 bytes)
Event: 5872.709 Thread 0x0000000015ff1800 nmethod 29435 0x00000000047a0cd0 code [0x00000000047a0e80, 0x00000000047a11a8]
Event: 5872.709 Thread 0x0000000015ff1800 29436       2       java.lang.String::indexOf (166 bytes)
Event: 5872.710 Thread 0x0000000015ff1800 nmethod 29436 0x0000000005459c50 code [0x0000000005459de0, 0x000000000545a190]
Event: 5872.860 Thread 0x0000000015ff1800 29437       2       java.io.WinNTFileSystem::delete (20 bytes)
Event: 5872.861 Thread 0x0000000015ff1800 nmethod 29437 0x00000000047a0410 code [0x00000000047a05a0, 0x00000000047a0aa8]
Event: 5872.868 Thread 0x0000000015ff1800 29439       2       java.io.File::delete (33 bytes)
Event: 5872.869 Thread 0x0000000015ff1800 nmethod 29439 0x0000000004ec7dd0 code [0x0000000004ec7fa0, 0x0000000004ec8648]
Event: 5872.900 Thread 0x0000000015ff1800 29440       2       org.apache.commons.codec.binary.BaseNCodec::ensureBufferSize (32 bytes)
Event: 5872.901 Thread 0x0000000015ff1800 nmethod 29440 0x0000000004ec79d0 code [0x0000000004ec7b40, 0x0000000004ec7ce8]

GC Heap History (10 events):
Event: 5864.072 GC heap before
{Heap before GC invocations=69 (full 4):
 PSYoungGen      total 222208K, used 203073K [0x00000000e0000000, 0x00000000f0d00000, 0x0000000100000000)
  eden space 174080K, 100% used [0x00000000e0000000,0x00000000eaa00000,0x00000000eaa00000)
  from space 48128K, 60% used [0x00000000ede00000,0x00000000efa50420,0x00000000f0d00000)
  to   space 50688K, 0% used [0x00000000eaa00000,0x00000000eaa00000,0x00000000edb80000)
 ParOldGen       total 194048K, used 108804K [0x00000000a0000000, 0x00000000abd80000, 0x00000000e0000000)
  object space 194048K, 56% used [0x00000000a0000000,0x00000000a6a412a0,0x00000000abd80000)
 Metaspace       used 110622K, capacity 118302K, committed 118656K, reserved 1153024K
  class space    used 14004K, capacity 15369K, committed 15488K, reserved 1048576K
Event: 5864.138 GC heap after
Heap after GC invocations=69 (full 4):
 PSYoungGen      total 224768K, used 28430K [0x00000000e0000000, 0x00000000f2380000, 0x0000000100000000)
  eden space 174080K, 0% used [0x00000000e0000000,0x00000000e0000000,0x00000000eaa00000)
  from space 50688K, 56% used [0x00000000eaa00000,0x00000000ec5c3818,0x00000000edb80000)
  to   space 49152K, 0% used [0x00000000ef380000,0x00000000ef380000,0x00000000f2380000)
 ParOldGen       total 194048K, used 116570K [0x00000000a0000000, 0x00000000abd80000, 0x00000000e0000000)
  object space 194048K, 60% used [0x00000000a0000000,0x00000000a71d6958,0x00000000abd80000)
 Metaspace       used 110622K, capacity 118302K, committed 118656K, reserved 1153024K
  class space    used 14004K, capacity 15369K, committed 15488K, reserved 1048576K
}
Event: 5864.953 GC heap before
{Heap before GC invocations=70 (full 4):
 PSYoungGen      total 224768K, used 202510K [0x00000000e0000000, 0x00000000f2380000, 0x0000000100000000)
  eden space 174080K, 100% used [0x00000000e0000000,0x00000000eaa00000,0x00000000eaa00000)
  from space 50688K, 56% used [0x00000000eaa00000,0x00000000ec5c3818,0x00000000edb80000)
  to   space 49152K, 0% used [0x00000000ef380000,0x00000000ef380000,0x00000000f2380000)
 ParOldGen       total 194048K, used 116570K [0x00000000a0000000, 0x00000000abd80000, 0x00000000e0000000)
  object space 194048K, 60% used [0x00000000a0000000,0x00000000a71d6958,0x00000000abd80000)
 Metaspace       used 110636K, capacity 118302K, committed 118656K, reserved 1153024K
  class space    used 14004K, capacity 15369K, committed 15488K, reserved 1048576K
Event: 5864.995 GC heap after
Heap after GC invocations=70 (full 4):
 PSYoungGen      total 247296K, used 24604K [0x00000000e0000000, 0x00000000f2180000, 0x0000000100000000)
  eden space 200192K, 0% used [0x00000000e0000000,0x00000000e0000000,0x00000000ec380000)
  from space 47104K, 52% used [0x00000000ef380000,0x00000000f0b872f8,0x00000000f2180000)
  to   space 48128K, 0% used [0x00000000ec380000,0x00000000ec380000,0x00000000ef280000)
 ParOldGen       total 194048K, used 119291K [0x00000000a0000000, 0x00000000abd80000, 0x00000000e0000000)
  object space 194048K, 61% used [0x00000000a0000000,0x00000000a747ef20,0x00000000abd80000)
 Metaspace       used 110636K, capacity 118302K, committed 118656K, reserved 1153024K
  class space    used 14004K, capacity 15369K, committed 15488K, reserved 1048576K
}
Event: 5865.810 GC heap before
{Heap before GC invocations=71 (full 4):
 PSYoungGen      total 247296K, used 224796K [0x00000000e0000000, 0x00000000f2180000, 0x0000000100000000)
  eden space 200192K, 100% used [0x00000000e0000000,0x00000000ec380000,0x00000000ec380000)
  from space 47104K, 52% used [0x00000000ef380000,0x00000000f0b872f8,0x00000000f2180000)
  to   space 48128K, 0% used [0x00000000ec380000,0x00000000ec380000,0x00000000ef280000)
 ParOldGen       total 194048K, used 119291K [0x00000000a0000000, 0x00000000abd80000, 0x00000000e0000000)
  object space 194048K, 61% used [0x00000000a0000000,0x00000000a747ef20,0x00000000abd80000)
 Metaspace       used 110655K, capacity 118302K, committed 118656K, reserved 1153024K
  class space    used 14004K, capacity 15369K, committed 15488K, reserved 1048576K
Event: 5865.855 GC heap after
Heap after GC invocations=71 (full 4):
 PSYoungGen      total 248320K, used 20169K [0x00000000e0000000, 0x00000000f3f00000, 0x0000000100000000)
  eden space 200192K, 0% used [0x00000000e0000000,0x00000000e0000000,0x00000000ec380000)
  from space 48128K, 41% used [0x00000000ec380000,0x00000000ed732580,0x00000000ef280000)
  to   space 48128K, 0% used [0x00000000f1000000,0x00000000f1000000,0x00000000f3f00000)
 ParOldGen       total 194048K, used 121251K [0x00000000a0000000, 0x00000000abd80000, 0x00000000e0000000)
  object space 194048K, 62% used [0x00000000a0000000,0x00000000a7668fc0,0x00000000abd80000)
 Metaspace       used 110655K, capacity 118302K, committed 118656K, reserved 1153024K
  class space    used 14004K, capacity 15369K, committed 15488K, reserved 1048576K
}
Event: 5867.093 GC heap before
{Heap before GC invocations=72 (full 4):
 PSYoungGen      total 248320K, used 220361K [0x00000000e0000000, 0x00000000f3f00000, 0x0000000100000000)
  eden space 200192K, 100% used [0x00000000e0000000,0x00000000ec380000,0x00000000ec380000)
  from space 48128K, 41% used [0x00000000ec380000,0x00000000ed732580,0x00000000ef280000)
  to   space 48128K, 0% used [0x00000000f1000000,0x00000000f1000000,0x00000000f3f00000)
 ParOldGen       total 194048K, used 121251K [0x00000000a0000000, 0x00000000abd80000, 0x00000000e0000000)
  object space 194048K, 62% used [0x00000000a0000000,0x00000000a7668fc0,0x00000000abd80000)
 Metaspace       used 110659K, capacity 118302K, committed 118656K, reserved 1153024K
  class space    used 14004K, capacity 15369K, committed 15488K, reserved 1048576K
Event: 5867.142 GC heap after
Heap after GC invocations=72 (full 4):
 PSYoungGen      total 276480K, used 15327K [0x00000000e0000000, 0x00000000f3e00000, 0x0000000100000000)
  eden space 229376K, 0% used [0x00000000e0000000,0x00000000e0000000,0x00000000ee000000)
  from space 47104K, 32% used [0x00000000f1000000,0x00000000f1ef7f00,0x00000000f3e00000)
  to   space 48128K, 0% used [0x00000000ee000000,0x00000000ee000000,0x00000000f0f00000)
 ParOldGen       total 194048K, used 126695K [0x00000000a0000000, 0x00000000abd80000, 0x00000000e0000000)
  object space 194048K, 65% used [0x00000000a0000000,0x00000000a7bb9c10,0x00000000abd80000)
 Metaspace       used 110659K, capacity 118302K, committed 118656K, reserved 1153024K
  class space    used 14004K, capacity 15369K, committed 15488K, reserved 1048576K
}
Event: 5869.123 GC heap before
{Heap before GC invocations=73 (full 4):
 PSYoungGen      total 276480K, used 244703K [0x00000000e0000000, 0x00000000f3e00000, 0x0000000100000000)
  eden space 229376K, 100% used [0x00000000e0000000,0x00000000ee000000,0x00000000ee000000)
  from space 47104K, 32% used [0x00000000f1000000,0x00000000f1ef7f00,0x00000000f3e00000)
  to   space 48128K, 0% used [0x00000000ee000000,0x00000000ee000000,0x00000000f0f00000)
 ParOldGen       total 194048K, used 126695K [0x00000000a0000000, 0x00000000abd80000, 0x00000000e0000000)
  object space 194048K, 65% used [0x00000000a0000000,0x00000000a7bb9c10,0x00000000abd80000)
 Metaspace       used 110676K, capacity 118434K, committed 118656K, reserved 1153024K
  class space    used 14004K, capacity 15369K, committed 15488K, reserved 1048576K
Event: 5869.136 GC heap after
Heap after GC invocations=73 (full 4):
 PSYoungGen      total 277504K, used 1804K [0x00000000e0000000, 0x00000000f6180000, 0x0000000100000000)
  eden space 229376K, 0% used [0x00000000e0000000,0x00000000e0000000,0x00000000ee000000)
  from space 48128K, 3% used [0x00000000ee000000,0x00000000ee1c3180,0x00000000f0f00000)
  to   space 50688K, 0% used [0x00000000f3000000,0x00000000f3000000,0x00000000f6180000)
 ParOldGen       total 194048K, used 127391K [0x00000000a0000000, 0x00000000abd80000, 0x00000000e0000000)
  object space 194048K, 65% used [0x00000000a0000000,0x00000000a7c67c40,0x00000000abd80000)
 Metaspace       used 110676K, capacity 118434K, committed 118656K, reserved 1153024K
  class space    used 14004K, capacity 15369K, committed 15488K, reserved 1048576K
}

Deoptimization events (10 events):
Event: 5872.645 Thread 0x000000001a6b2800 Uncommon trap: reason=class_check action=maybe_recompile pc=0x00000000072426e0 method=com.google.common.collect.CollectSpliterators$1WithCharacteristics.lambda$forEachRemaining$1(Ljava/util/function/Consumer;Ljava/util/function/IntFunction;I)V @ 8
Event: 5872.646 Thread 0x000000001a6b2800 Uncommon trap: reason=class_check action=maybe_recompile pc=0x00000000072426e0 method=com.google.common.collect.CollectSpliterators$1WithCharacteristics.lambda$forEachRemaining$1(Ljava/util/function/Consumer;Ljava/util/function/IntFunction;I)V @ 8
Event: 5872.646 Thread 0x000000001a6b2800 Uncommon trap: reason=class_check action=maybe_recompile pc=0x00000000072426e0 method=com.google.common.collect.CollectSpliterators$1WithCharacteristics.lambda$forEachRemaining$1(Ljava/util/function/Consumer;Ljava/util/function/IntFunction;I)V @ 8
Event: 5872.646 Thread 0x000000001a6b2800 Uncommon trap: reason=class_check action=maybe_recompile pc=0x00000000072426e0 method=com.google.common.collect.CollectSpliterators$1WithCharacteristics.lambda$forEachRemaining$1(Ljava/util/function/Consumer;Ljava/util/function/IntFunction;I)V @ 8
Event: 5872.646 Thread 0x000000001a6b2800 Uncommon trap: reason=unstable_if action=reinterpret pc=0x000000000727e66c method=com.android.build.gradle.internal.matcher.FolderInHierarchyPathMatcher.matches(Ljava/nio/file/Path;)Z @ 45
Event: 5872.646 Thread 0x000000001a6b2800 Uncommon trap: reason=unstable_if action=reinterpret pc=0x0000000004530cfc method=java.lang.String.indexOf([CII[CIII)I @ 27
Event: 5872.646 Thread 0x000000001a6b2800 Uncommon trap: reason=unstable_if action=reinterpret pc=0x0000000004210eb0 method=sun.nio.fs.WindowsPath.getFileName()Ljava/nio/file/Path; @ 22
Event: 5872.708 Thread 0x000000001a6b2800 Uncommon trap: reason=unstable_if action=reinterpret pc=0x00000000052a7b80 method=java.lang.String.indexOf([CII[CIII)I @ 27
Event: 5872.708 Thread 0x000000001a6b2800 Uncommon trap: reason=unstable_if action=reinterpret pc=0x00000000032c799c method=java.lang.String.indexOf([CII[CIII)I @ 27
Event: 5872.708 Thread 0x000000001a6b2800 Uncommon trap: reason=unstable_if action=reinterpret pc=0x000000000289c034 method=java.lang.String.indexOf([CII[CIII)I @ 27

Classes redefined (0 events):
No events

Internal exceptions (10 events):
Event: 5860.366 Thread 0x000000001c47c000 Implicit null exception at 0x000000000417f5f8 to 0x0000000004180331
Event: 5860.452 Thread 0x000000001c472000 Exception <a 'sun/nio/fs/WindowsException'> (0x00000000e1b5b7d0) thrown at [D:\src\AOSP-openjdk-cygwin\jdk8u\hotspot\src\share\vm\prims\jni.cpp, line 710]
Event: 5861.437 Thread 0x000000001c46d800 Exception <a 'sun/nio/fs/WindowsException'> (0x00000000e57c4cc0) thrown at [D:\src\AOSP-openjdk-cygwin\jdk8u\hotspot\src\share\vm\prims\jni.cpp, line 710]
Event: 5862.947 Thread 0x0000000024353000 Exception <a 'sun/nio/fs/WindowsException'> (0x00000000e6622950) thrown at [D:\src\AOSP-openjdk-cygwin\jdk8u\hotspot\src\share\vm\prims\jni.cpp, line 710]
Event: 5863.726 Thread 0x0000000024353000 Exception <a 'sun/nio/fs/WindowsException'> (0x00000000e60c0e48) thrown at [D:\src\AOSP-openjdk-cygwin\jdk8u\hotspot\src\share\vm\prims\jni.cpp, line 710]
Event: 5865.487 Thread 0x000000001c470000 Exception <a 'sun/nio/fs/WindowsException'> (0x00000000e5734c40) thrown at [D:\src\AOSP-openjdk-cygwin\jdk8u\hotspot\src\share\vm\prims\jni.cpp, line 710]
Event: 5866.239 Thread 0x000000001c46d800 Implicit null exception at 0x000000000754c58c to 0x00000000075522e1
Event: 5867.986 Thread 0x000000001c46d800 Exception <a 'sun/nio/fs/WindowsException'> (0x00000000e8b5a318) thrown at [D:\src\AOSP-openjdk-cygwin\jdk8u\hotspot\src\share\vm\prims\jni.cpp, line 710]
Event: 5868.378 Thread 0x0000000024353000 Exception <a 'sun/nio/fs/WindowsException'> (0x00000000ebce70c8) thrown at [D:\src\AOSP-openjdk-cygwin\jdk8u\hotspot\src\share\vm\prims\jni.cpp, line 710]
Event: 5869.494 Thread 0x000000001c472000 Exception <a 'sun/nio/fs/WindowsException'> (0x00000000e2d94a60) thrown at [D:\src\AOSP-openjdk-cygwin\jdk8u\hotspot\src\share\vm\prims\jni.cpp, line 710]

Events (10 events):
Event: 5872.708 Thread 0x000000001a6b2800 DEOPT PACKING pc=0x000000000289c034 sp=0x000000002b7cda50
Event: 5872.708 Thread 0x000000001a6b2800 DEOPT UNPACKING pc=0x00000000026b557b sp=0x000000002b7cd9e8 mode 2
Event: 5872.886 loading class com/google/common/collect/ImmutableBiMap$Builder
Event: 5872.886 loading class com/google/common/collect/ImmutableBiMap$Builder done
Event: 5872.887 Executing VM operation: Deoptimize
Event: 5872.890 Executing VM operation: Deoptimize done
Event: 5872.891 loading class com/google/common/collect/ImmutableBiMap$SerializedForm
Event: 5872.891 loading class com/google/common/collect/ImmutableBiMap$SerializedForm done
Event: 5872.951 loading class com/android/build/gradle/internal/ndk/NdkHandler
Event: 5872.951 loading class com/android/build/gradle/internal/ndk/NdkHandler done


Dynamic libraries:
0x00007ff71a160000 - 0x00007ff71a191000 	C:\Program Files\Android\Android Studio\jre\bin\java.exe
0x00007ffeb27d0000 - 0x00007ffeb29c5000 	C:\WINDOWS\SYSTEM32\ntdll.dll
0x00007ffeb0990000 - 0x00007ffeb0a4d000 	C:\WINDOWS\System32\KERNEL32.DLL
0x00007ffeb0080000 - 0x00007ffeb0349000 	C:\WINDOWS\System32\KERNELBASE.dll
0x00007ffeb1240000 - 0x00007ffeb12ec000 	C:\WINDOWS\System32\ADVAPI32.dll
0x00007ffeb0800000 - 0x00007ffeb089e000 	C:\WINDOWS\System32\msvcrt.dll
0x00007ffeb08a0000 - 0x00007ffeb093c000 	C:\WINDOWS\System32\sechost.dll
0x00007ffeb1e60000 - 0x00007ffeb1f8b000 	C:\WINDOWS\System32\RPCRT4.dll
0x00007ffeb1c30000 - 0x00007ffeb1dd0000 	C:\WINDOWS\System32\USER32.dll
0x00007ffeb0380000 - 0x00007ffeb03a2000 	C:\WINDOWS\System32\win32u.dll
0x00007ffeb0940000 - 0x00007ffeb096a000 	C:\WINDOWS\System32\GDI32.dll
0x00007ffeb0530000 - 0x00007ffeb063b000 	C:\WINDOWS\System32\gdi32full.dll
0x00007ffeaffe0000 - 0x00007ffeb007d000 	C:\WINDOWS\System32\msvcp_win.dll
0x00007ffeafee0000 - 0x00007ffeaffe0000 	C:\WINDOWS\System32\ucrtbase.dll
0x00007ffe9eb40000 - 0x00007ffe9edda000 	C:\WINDOWS\WinSxS\amd64_microsoft.windows.common-controls_6595b64144ccf1df_6.0.19041.844_none_ca00b6081b84eb1d\COMCTL32.dll
0x00007ffeb0b30000 - 0x00007ffeb0b60000 	C:\WINDOWS\System32\IMM32.DLL
0x0000000077ce0000 - 0x0000000077db2000 	C:\Program Files\Android\Android Studio\jre\jre\bin\msvcr100.dll
0x0000000077070000 - 0x00000000778b6000 	C:\Program Files\Android\Android Studio\jre\jre\bin\server\jvm.dll
0x00007ffeb0c80000 - 0x00007ffeb0c88000 	C:\WINDOWS\System32\PSAPI.DLL
0x00007ffe9cc90000 - 0x00007ffe9cc9a000 	C:\WINDOWS\SYSTEM32\VERSION.dll
0x00007ffea0230000 - 0x00007ffea0257000 	C:\WINDOWS\SYSTEM32\WINMM.dll
0x00007ffeaab40000 - 0x00007ffeaab49000 	C:\WINDOWS\SYSTEM32\WSOCK32.dll
0x00007ffeb0a50000 - 0x00007ffeb0abb000 	C:\WINDOWS\System32\ws2_32.DLL
0x00007ffeaa620000 - 0x00007ffeaa62f000 	C:\Program Files\Android\Android Studio\jre\jre\bin\verify.dll
0x00007ffea9810000 - 0x00007ffea9839000 	C:\Program Files\Android\Android Studio\jre\jre\bin\java.dll
0x00007ffea9c70000 - 0x00007ffea9c86000 	C:\Program Files\Android\Android Studio\jre\jre\bin\zip.dll
0x00007ffeb1460000 - 0x00007ffeb1ba2000 	C:\WINDOWS\System32\SHELL32.dll
0x00007ffeae020000 - 0x00007ffeae7b0000 	C:\WINDOWS\SYSTEM32\windows.storage.dll
0x00007ffeb1f90000 - 0x00007ffeb22e5000 	C:\WINDOWS\System32\combase.dll
0x00007ffeaf880000 - 0x00007ffeaf8ac000 	C:\WINDOWS\SYSTEM32\Wldp.dll
0x00007ffeb12f0000 - 0x00007ffeb139e000 	C:\WINDOWS\System32\SHCORE.dll
0x00007ffeb1400000 - 0x00007ffeb1455000 	C:\WINDOWS\System32\shlwapi.dll
0x00007ffeafe20000 - 0x00007ffeafe3f000 	C:\WINDOWS\SYSTEM32\profapi.dll
0x00007ffea8be0000 - 0x00007ffea8bfa000 	C:\Program Files\Android\Android Studio\jre\jre\bin\net.dll
0x00007ffea2570000 - 0x00007ffea275e000 	C:\WINDOWS\SYSTEM32\urlmon.dll
0x00007ffea28f0000 - 0x00007ffea2ba0000 	C:\WINDOWS\SYSTEM32\iertutil.dll
0x00007ffeaf600000 - 0x00007ffeaf66a000 	C:\WINDOWS\system32\mswsock.dll
0x00007ffea8200000 - 0x00007ffea8213000 	C:\Program Files\Android\Android Studio\jre\jre\bin\nio.dll
0x00007ffea9ad0000 - 0x00007ffea9af6000 	C:\Users\Administrateur\.gradle\native\30\windows-amd64\native-platform.dll
0x00007ffeaa5f0000 - 0x00007ffeaa5fd000 	C:\Program Files\Android\Android Studio\jre\jre\bin\management.dll
0x00007ffeaf7e0000 - 0x00007ffeaf7f8000 	C:\WINDOWS\SYSTEM32\CRYPTSP.dll
0x00007ffeaefa0000 - 0x00007ffeaefd4000 	C:\WINDOWS\system32\rsaenh.dll
0x00007ffeb0350000 - 0x00007ffeb0377000 	C:\WINDOWS\System32\bcrypt.dll
0x00007ffeafda0000 - 0x00007ffeafdce000 	C:\WINDOWS\SYSTEM32\USERENV.dll
0x00007ffeb03b0000 - 0x00007ffeb0430000 	C:\WINDOWS\System32\bcryptprimitives.dll
0x00007ffeaf7d0000 - 0x00007ffeaf7dc000 	C:\WINDOWS\SYSTEM32\CRYPTBASE.dll
0x00007ffeaf2f0000 - 0x00007ffeaf32b000 	C:\WINDOWS\SYSTEM32\IPHLPAPI.DLL
0x00007ffeb0b20000 - 0x00007ffeb0b28000 	C:\WINDOWS\System32\NSI.dll
0x00007ffea7e40000 - 0x00007ffea7e57000 	C:\WINDOWS\SYSTEM32\dhcpcsvc6.DLL
0x00007ffea8070000 - 0x00007ffea808d000 	C:\WINDOWS\SYSTEM32\dhcpcsvc.DLL
0x00007ffeaf330000 - 0x00007ffeaf3fb000 	C:\WINDOWS\SYSTEM32\DNSAPI.dll
0x00007ffe88be0000 - 0x00007ffe88d7c000 	C:\Program Files\Android\Android Studio\jre\jre\bin\awt.dll
0x00007ffeb0cf0000 - 0x00007ffeb0dbd000 	C:\WINDOWS\System32\OLEAUT32.dll
0x00007ffead980000 - 0x00007ffead9af000 	C:\WINDOWS\SYSTEM32\dwmapi.dll
0x00007ffeac120000 - 0x00007ffeac6e0000 	C:\WINDOWS\SYSTEM32\d2d1.dll
0x00007ffead690000 - 0x00007ffead720000 	C:\WINDOWS\SYSTEM32\apphelp.dll
0x00007ffead7b0000 - 0x00007ffead84e000 	C:\WINDOWS\system32\uxtheme.dll
0x00007ffea3fb0000 - 0x00007ffea3fd4000 	C:\Program Files\Android\Android Studio\jre\jre\bin\sunec.dll
0x00007ffea0f40000 - 0x00007ffea0f4a000 	C:\Windows\System32\rasadhlp.dll
0x00007ffea10b0000 - 0x00007ffea112f000 	C:\WINDOWS\System32\fwpuclnt.dll
0x00007ffeaa4e0000 - 0x00007ffeaa4eb000 	C:\Program Files\Android\Android Studio\jre\jre\bin\sunmscapi.dll
0x00007ffeb0640000 - 0x00007ffeb079f000 	C:\WINDOWS\System32\CRYPT32.dll
0x00007ffeaec10000 - 0x00007ffeaec43000 	C:\WINDOWS\SYSTEM32\ntmarta.dll

VM Arguments:
jvm_args: -Xmx1536m -Dfile.encoding=windows-1252 -Duser.country=FR -Duser.language=fr -Duser.variant 
java_command: org.gradle.launcher.daemon.bootstrap.GradleDaemon 5.6.4
java_class_path (initial): C:\Users\Administrateur\.gradle\wrapper\dists\gradle-5.6.4-all\ankdp27end7byghfw1q2sw75f\gradle-5.6.4\lib\gradle-launcher-5.6.4.jar
Launcher Type: SUN_STANDARD

Environment Variables:
JAVA_HOME=C:\Program Files\Java\jdk1.8.0_221
CLASSPATH=C:\Program Files (x86)\antlr-4.9.1-complete.jar;
PATH=C:\oraclexe\app\oracle\product\10.2.0\server\bin;C:\Program Files (x86)\Microsoft SDKs\Azure\CLI2\wbin;C:\oraclexe\app\oracle\product\11.2.0\server\bin;E:\app\radia\product\12.1.0\dbhome_2\bin;E:\app\radia\product\12.1.0\dbhome_1\bin;C:\Program Files (x86)\Common Files\Oracle\Java\javapath;C:\WINDOWS\system32;C:\WINDOWS;C:\WINDOWS\System32\Wbem;C:\WINDOWS\System32\WindowsPowerShell\v1.0\;C:\WINDOWS\System32\OpenSSH\;C:\Program Files (x86)\CodeBlocks\MinGW\bin;C:\Program Files (x86)\GnuWin32\bin;C:\Users\Administrateur\PycharmProjects\untitled2\venv\Scripts;C:\Program Files\nodejs\;C:\Program Files\Java\jdk1.8.0_221\bin;C:\Program Files\gradle-2.8-all\gradle-2.8\bin;C:\Program Files\Git\cmd;C:\Users\Administrateur\AppData\Local\Microsoft\WindowsApps;C:\Users\Administrateur\AppData\Local\Programs\Microsoft VS Code\bin;C:\Users\Administrateur\AppData\Roaming\npm;C:\Users\Administrateur\AppData\Local\GitHubDesktop\bin;
USERNAME=Administrateur
OS=Windows_NT
PROCESSOR_IDENTIFIER=Intel64 Family 6 Model 58 Stepping 9, GenuineIntel



---------------  S Y S T E M  ---------------

OS: Windows 10.0 , 64 bit Build 19041 (10.0.19041.804)

CPU:total 4 (initial active 4) (2 cores per cpu, 2 threads per core) family 6 model 58 stepping 9, cmov, cx8, fxsr, mmx, sse, sse2, sse3, ssse3, sse4.1, sse4.2, popcnt, avx, aes, clmul, erms, ht, tsc, tscinvbit, tscinv

Memory: 4k page, physical 8077100k(1267400k free), swap 8077100k(5888k free)

vm_info: OpenJDK 64-Bit Server VM (25.212-b04) for windows-amd64 JRE (1.8.0_212-release-1586-b04), built by "builder" with MS VC++ 10.0 (VS2010)

time: Tue Apr 13 17:37:30 2021
timezone: Paris, Madrid (heure d’été)
elapsed time: 5873 seconds (0d 1h 37m 53s)

